<?xml version="1.0" encoding="UTF-8"?>
<testsuite name="gitexample.AppTest" tests="1" skipped="0" failures="0" errors="0" timestamp="2022-10-25T09:06:35" hostname="MSI" time="0.002">
  <properties/>
  <testcase name="appHasAGreeting" classname="gitexample.AppTest" time="0.002"/>
  <system-out><![CDATA[]]></system-out>
  <system-err><![CDATA[]]></system-err>
</testsuite>
